<?xml version="1.0" encoding="UTF-8"?>
<!-- Generated by org.testng.reporters.JUnitXMLReporter -->
<testsuite hostname="Chetuiwk255" ignored="4" name="Default test" tests="4" failures="0" timestamp="17 Apr 2019 13:35:28 GMT" time="5.202" errors="0">
  <testcase name="Addbookthroughhashmap" time="2.99" classname="com.qa.APITest.com.qa.APITest.AddBookTest"/>
  <testcase name="Addbookthroughhashmap" time="0.441" classname="com.qa.APITest.com.qa.APITest.AddBookTest"/>
  <testcase name="Addbookthroughhashmap" time="0.419" classname="com.qa.APITest.com.qa.APITest.AddBookTest"/>
  <testcase name="Addbookthroughhashmap" time="0.466" classname="com.qa.APITest.com.qa.APITest.AddBookTest"/>
  <testcase name="AddbookthroughJSONtest" time="0.0" classname="com.qa.APITest.com.qa.APITest.AddBookTest">
    <ignored/>
  </testcase> <!-- AddbookthroughJSONtest -->
  <testcase name="Addbookusingdataprovider" time="0.0" classname="com.qa.APITest.com.qa.APITest.AddBookTest">
    <ignored/>
  </testcase> <!-- Addbookusingdataprovider -->
  <testcase name="AddbookthroughExcel" time="0.0" classname="com.qa.APITest.com.qa.APITest.AddBookTest">
    <ignored/>
  </testcase> <!-- AddbookthroughExcel -->
  <testcase name="staticpayloadJSONtest" time="0.0" classname="com.qa.APITest.com.qa.APITest.AddBookTest">
    <ignored/>
  </testcase> <!-- staticpayloadJSONtest -->
</testsuite> <!-- Default test -->
